# JRE version: Java(TM) SE Runtime Environment (8.0_211-b12) (build 1.8.0_211-b12)
# Java VM: Java HotSpot(TM) 64-Bit Server VM (25.211-b12 mixed mode linux-amd64 compressed oops)
Heap:
 PSYoungGen      total 190464K, used 0K [0x00000000ebd80000, 0x00000000fe400000, 0x0000000100000000)
  eden space 81408K, 0% used [0x00000000ebd80000,0x00000000ebd80000,0x00000000f0d00000)
  from space 109056K, 0% used [0x00000000f7980000,0x00000000f7980000,0x00000000fe400000)
  to   space 110080K, 0% used [0x00000000f0d00000,0x00000000f0d00000,0x00000000f7880000)
 ParOldGen       total 378880K, used 366810K [0x00000000c3800000, 0x00000000daa00000, 0x00000000ebd80000)
  object space 378880K, 96% used [0x00000000c3800000,0x00000000d9e36950,0x00000000daa00000)
 Metaspace       used 4065K, capacity 4704K, committed 4864K, reserved 1056768K
  class space    used 449K, capacity 464K, committed 512K, reserved 1048576K
GC Heap History (10 events):
Event: 38.739 GC heap after
Heap after GC invocations=12 (full 3):
 PSYoungGen      total 140800K, used 70016K [0x00000000ebd80000, 0x00000000fbb00000, 0x0000000100000000)
  eden space 55296K, 0% used [0x00000000ebd80000,0x00000000ebd80000,0x00000000ef380000)
  from space 85504K, 81% used [0x00000000ef380000,0x00000000f37e0010,0x00000000f4700000)
  to   space 93696K, 0% used [0x00000000f5f80000,0x00000000f5f80000,0x00000000fbb00000)
 ParOldGen       total 262144K, used 174593K [0x00000000c3800000, 0x00000000d3800000, 0x00000000ebd80000)
  object space 262144K, 66% used [0x00000000c3800000,0x00000000ce280778,0x00000000d3800000)
 Metaspace       used 4065K, capacity 4704K, committed 4864K, reserved 1056768K
  class space    used 449K, capacity 464K, committed 512K, reserved 1048576K
}
Event: 38.835 GC heap before
{Heap before GC invocations=13 (full 3):
 PSYoungGen      total 140800K, used 125312K [0x00000000ebd80000, 0x00000000fbb00000, 0x0000000100000000)
  eden space 55296K, 100% used [0x00000000ebd80000,0x00000000ef380000,0x00000000ef380000)
  from space 85504K, 81% used [0x00000000ef380000,0x00000000f37e0010,0x00000000f4700000)
  to   space 93696K, 0% used [0x00000000f5f80000,0x00000000f5f80000,0x00000000fbb00000)
 ParOldGen       total 262144K, used 174593K [0x00000000c3800000, 0x00000000d3800000, 0x00000000ebd80000)
  object space 262144K, 66% used [0x00000000c3800000,0x00000000ce280778,0x00000000d3800000)
 Metaspace       used 4065K, capacity 4704K, committed 4864K, reserved 1056768K
  class space    used 449K, capacity 464K, committed 512K, reserved 1048576K
Event: 44.940 GC heap after
Heap after GC invocations=13 (full 3):
 PSYoungGen      total 151552K, used 93553K [0x00000000ebd80000, 0x00000000fda80000, 0x0000000100000000)
  eden space 57856K, 0% used [0x00000000ebd80000,0x00000000ebd80000,0x00000000ef600000)
  from space 93696K, 99% used [0x00000000f5f80000,0x00000000fbadc518,0x00000000fbb00000)
  to   space 108032K, 0% used [0x00000000ef600000,0x00000000ef600000,0x00000000f5f80000)
 ParOldGen       total 262144K, used 191097K [0x00000000c3800000, 0x00000000d3800000, 0x00000000ebd80000)
  object space 262144K, 72% used [0x00000000c3800000,0x00000000cf29e788,0x00000000d3800000)
 Metaspace       used 4065K, capacity 4704K, committed 4864K, reserved 1056768K
  class space    used 449K, capacity 464K, committed 512K, reserved 1048576K
}
Event: 45.034 GC heap before
{Heap before GC invocations=14 (full 3):
 PSYoungGen      total 151552K, used 151409K [0x00000000ebd80000, 0x00000000fda80000, 0x0000000100000000)
  eden space 57856K, 100% used [0x00000000ebd80000,0x00000000ef600000,0x00000000ef600000)
  from space 93696K, 99% used [0x00000000f5f80000,0x00000000fbadc518,0x00000000fbb00000)
  to   space 108032K, 0% used [0x00000000ef600000,0x00000000ef600000,0x00000000f5f80000)
 ParOldGen       total 262144K, used 191097K [0x00000000c3800000, 0x00000000d3800000, 0x00000000ebd80000)
  object space 262144K, 72% used [0x00000000c3800000,0x00000000cf29e788,0x00000000d3800000)
 Metaspace       used 4065K, capacity 4704K, committed 4864K, reserved 1056768K
  class space    used 449K, capacity 464K, committed 512K, reserved 1048576K
Event: 48.648 GC heap after
Heap after GC invocations=14 (full 3):
 PSYoungGen      total 165888K, used 82257K [0x00000000ebd80000, 0x00000000fe500000, 0x0000000100000000)
  eden space 57856K, 0% used [0x00000000ebd80000,0x00000000ebd80000,0x00000000ef600000)
  from space 108032K, 76% used [0x00000000ef600000,0x00000000f4654538,0x00000000f5f80000)
  to   space 110080K, 0% used [0x00000000f7980000,0x00000000f7980000,0x00000000fe500000)
 ParOldGen       total 262144K, used 244761K [0x00000000c3800000, 0x00000000d3800000, 0x00000000ebd80000)
  object space 262144K, 93% used [0x00000000c3800000,0x00000000d2706788,0x00000000d3800000)
 Metaspace       used 4065K, capacity 4704K, committed 4864K, reserved 1056768K
  class space    used 449K, capacity 464K, committed 512K, reserved 1048576K
}
Event: 48.649 GC heap before
{Heap before GC invocations=15 (full 4):
 PSYoungGen      total 165888K, used 82257K [0x00000000ebd80000, 0x00000000fe500000, 0x0000000100000000)
  eden space 57856K, 0% used [0x00000000ebd80000,0x00000000ebd80000,0x00000000ef600000)
  from space 108032K, 76% used [0x00000000ef600000,0x00000000f4654538,0x00000000f5f80000)
  to   space 110080K, 0% used [0x00000000f7980000,0x00000000f7980000,0x00000000fe500000)
 ParOldGen       total 262144K, used 244761K [0x00000000c3800000, 0x00000000d3800000, 0x00000000ebd80000)
  object space 262144K, 93% used [0x00000000c3800000,0x00000000d2706788,0x00000000d3800000)
 Metaspace       used 4065K, capacity 4704K, committed 4864K, reserved 1056768K
  class space    used 449K, capacity 464K, committed 512K, reserved 1048576K
Event: 52.800 GC heap after
Heap after GC invocations=15 (full 4):
 PSYoungGen      total 165888K, used 63236K [0x00000000ebd80000, 0x00000000fe500000, 0x0000000100000000)
  eden space 57856K, 0% used [0x00000000ebd80000,0x00000000ebd80000,0x00000000ef600000)
  from space 108032K, 58% used [0x00000000ef600000,0x00000000f33c10c8,0x00000000f5f80000)
  to   space 110080K, 0% used [0x00000000f7980000,0x00000000f7980000,0x00000000fe500000)
 ParOldGen       total 378880K, used 261946K [0x00000000c3800000, 0x00000000daa00000, 0x00000000ebd80000)
  object space 378880K, 69% used [0x00000000c3800000,0x00000000d37ce9b8,0x00000000daa00000)
 Metaspace       used 4065K, capacity 4704K, committed 4864K, reserved 1056768K
  class space    used 449K, capacity 464K, committed 512K, reserved 1048576K
}
Event: 52.901 GC heap before
{Heap before GC invocations=16 (full 4):
 PSYoungGen      total 165888K, used 121092K [0x00000000ebd80000, 0x00000000fe500000, 0x0000000100000000)
  eden space 57856K, 100% used [0x00000000ebd80000,0x00000000ef600000,0x00000000ef600000)
  from space 108032K, 58% used [0x00000000ef600000,0x00000000f33c10c8,0x00000000f5f80000)
  to   space 110080K, 0% used [0x00000000f7980000,0x00000000f7980000,0x00000000fe500000)
 ParOldGen       total 378880K, used 261946K [0x00000000c3800000, 0x00000000daa00000, 0x00000000ebd80000)
  object space 378880K, 69% used [0x00000000c3800000,0x00000000d37ce9b8,0x00000000daa00000)
 Metaspace       used 4065K, capacity 4704K, committed 4864K, reserved 1056768K
  class space    used 449K, capacity 464K, committed 512K, reserved 1048576K
Event: 60.073 GC heap after
Heap after GC invocations=16 (full 4):
 PSYoungGen      total 190464K, used 41728K [0x00000000ebd80000, 0x00000000fe400000, 0x0000000100000000)
  eden space 81408K, 0% used [0x00000000ebd80000,0x00000000ebd80000,0x00000000f0d00000)
  from space 109056K, 38% used [0x00000000f7980000,0x00000000fa240000,0x00000000fe400000)
  to   space 110080K, 0% used [0x00000000f0d00000,0x00000000f0d00000,0x00000000f7880000)
 ParOldGen       total 378880K, used 325402K [0x00000000c3800000, 0x00000000daa00000, 0x00000000ebd80000)
  object space 378880K, 85% used [0x00000000c3800000,0x00000000d75c69d8,0x00000000daa00000)
 Metaspace       used 4065K, capacity 4704K, committed 4864K, reserved 1056768K
  class space    used 449K, capacity 464K, committed 512K, reserved 1048576K
}
Event: 61.203 GC heap before
{Heap before GC invocations=17 (full 5):
 PSYoungGen      total 190464K, used 41728K [0x00000000ebd80000, 0x00000000fe400000, 0x0000000100000000)
  eden space 81408K, 0% used [0x00000000ebd80000,0x00000000ebd80000,0x00000000f0d00000)
  from space 109056K, 38% used [0x00000000f7980000,0x00000000fa240000,0x00000000fe400000)
  to   space 110080K, 0% used [0x00000000f0d00000,0x00000000f0d00000,0x00000000f7880000)
 ParOldGen       total 378880K, used 325402K [0x00000000c3800000, 0x00000000daa00000, 0x00000000ebd80000)
  object space 378880K, 85% used [0x00000000c3800000,0x00000000d75c69d8,0x00000000daa00000)
 Metaspace       used 4065K, capacity 4704K, committed 4864K, reserved 1056768K
  class space    used 449K, capacity 464K, committed 512K, reserved 1048576K

